C51 COMPILER V9.54   MAIN                                                                  11/28/2022 22:02:14 PAGE 1   


C51 COMPILER V9.54, COMPILATION OF MODULE MAIN
OBJECT MODULE PLACED IN .\Objects\main.obj
COMPILER INVOKED BY: D:\Keil5\C51\BIN\C51.EXE main.c OPTIMIZE(8,SPEED) BROWSE DEBUG OBJECTEXTEND PRINT(.\Listings\main.l
                    -st) OBJECT(.\Objects\main.obj)

line level    source

   1          #include <REGX52.H>
   2          #include "Delay.h"
   3          #include "UART.h"
*** WARNING C315 IN LINE 1 OF UART.h: unknown #directive 'fndef'
*** WARNING C312 IN LINE 7 OF UART.h: misplaced endif control
   4          
   5          void main()
   6          {
   7   1       UART_Init();
   8   1       UART_SendByte(0x41);
   9   1              while(1)
  10   1              {
  11   2              
  12   2              
  13   2              
  14   2              }
  15   1      }
  16          
  17          void UART_Routine() interrupt 4
  18            {
  19   1            if(RI==1)
  20   1            {
  21   2             P2=~SBUF;
  22   2                 UART_SendByte(SBUF);
  23   2                 RI=0;  
  24   2            }
  25   1        }


MODULE INFORMATION:   STATIC OVERLAYABLE
   CODE SIZE        =     81    ----
   CONSTANT SIZE    =   ----    ----
   XDATA SIZE       =   ----    ----
   PDATA SIZE       =   ----    ----
   DATA SIZE        =   ----    ----
   IDATA SIZE       =   ----    ----
   BIT SIZE         =   ----    ----
END OF MODULE INFORMATION.


C51 COMPILATION COMPLETE.  2 WARNING(S),  0 ERROR(S)
