C51 COMPILER V9.54   ____________LED                                                       11/13/2022 22:48:17 PAGE 1   


C51 COMPILER V9.54, COMPILATION OF MODULE ____________LED
OBJECT MODULE PLACED IN .\Objects\独立按键控制LED.obj
COMPILER INVOKED BY: D:\Keil5\C51\BIN\C51.EXE 独立按键控制LED.c OPTIMIZE(8,SPEED) BROWSE DEBUG OBJECTEXTEND PRINT(.\List
                    -ings\独立按键控制LED.lst) TABS(2) OBJECT(.\Objects\独立按键控制LED.obj)

line level    source

   1          #include <REGX52.H>//如果头文件名字REG52.H，
   2                             //即没有定义位数，下面的P2_0无定义
   3          void main()
   4          { 
   5   1         while(1)
   6   1         { 
   7   2          if(P3_3==0||P3_1==0)//开关的位数
   8   2            {
   9   3               P2_7=0;//P2=0xFE;//1111 1110
  10   3          }
  11   2            else
  12   2          {
  13   3               P2_7=1;
  14   3          }  
  15   2           }
  16   1      }


MODULE INFORMATION:   STATIC OVERLAYABLE
   CODE SIZE        =     14    ----
   CONSTANT SIZE    =   ----    ----
   XDATA SIZE       =   ----    ----
   PDATA SIZE       =   ----    ----
   DATA SIZE        =   ----    ----
   IDATA SIZE       =   ----    ----
   BIT SIZE         =   ----    ----
END OF MODULE INFORMATION.


C51 COMPILATION COMPLETE.  0 WARNING(S),  0 ERROR(S)
