C51 COMPILER V9.54   __________                                                            11/16/2022 10:39:32 PAGE 1   


C51 COMPILER V9.54, COMPILATION OF MODULE __________
OBJECT MODULE PLACED IN .\Objects\模块化编程.obj
COMPILER INVOKED BY: D:\Keil5\C51\BIN\C51.EXE 模块化编程.c OPTIMIZE(8,SPEED) BROWSE DEBUG OBJECTEXTEND PRINT(.\Listings\
                    -模块化编程.lst) OBJECT(.\Objects\模块化编程.obj)

line level    source

   1          #include <REGX52.H>
   2          #include "Delayxms.h"
   3          void main()
   4          {
   5   1          while(1)
   6   1              {
   7   2                  P2_5=0;
   8   2                      Delay(500);
   9   2                      P2_5=1;
  10   2                      Delay(500);             
  11   2              }
  12   1      }


MODULE INFORMATION:   STATIC OVERLAYABLE
   CODE SIZE        =     20    ----
   CONSTANT SIZE    =   ----    ----
   XDATA SIZE       =   ----    ----
   PDATA SIZE       =   ----    ----
   DATA SIZE        =   ----    ----
   IDATA SIZE       =   ----    ----
   BIT SIZE         =   ----    ----
END OF MODULE INFORMATION.


C51 COMPILATION COMPLETE.  0 WARNING(S),  0 ERROR(S)
