C51 COMPILER V9.54   DELAY1MS                                                              11/16/2022 10:14:13 PAGE 1   


C51 COMPILER V9.54, COMPILATION OF MODULE DELAY1MS
OBJECT MODULE PLACED IN .\Objects\Delay1ms.obj
COMPILER INVOKED BY: D:\Keil5\C51\BIN\C51.EXE Delay1ms.c OPTIMIZE(8,SPEED) BROWSE DEBUG OBJECTEXTEND PRINT(.\Listings\De
                    -lay1ms.lst) OBJECT(.\Objects\Delay1ms.obj)

line level    source

   1          
   2          void Delay1ms(unsigned int xms) //调用函数      //@12.000MHz
   3          {
   4   1              unsigned char i, j;
   5   1      while(xms)
   6   1      {
   7   2              i = 2;
   8   2              j = 239;
   9   2              do
  10   2              {
  11   3                      while (--j);
  12   3              } while (--i);
  13   2                xms--;//xms=xms-1的缩写
  14   2      }       
  15   1      }


MODULE INFORMATION:   STATIC OVERLAYABLE
   CODE SIZE        =     20    ----
   CONSTANT SIZE    =   ----    ----
   XDATA SIZE       =   ----    ----
   PDATA SIZE       =   ----    ----
   DATA SIZE        =   ----    ----
   IDATA SIZE       =   ----    ----
   BIT SIZE         =   ----    ----
END OF MODULE INFORMATION.


C51 COMPILATION COMPLETE.  0 WARNING(S),  0 ERROR(S)
