C51 COMPILER V9.54   ______PLUS                                                            11/16/2022 10:14:18 PAGE 1   


C51 COMPILER V9.54, COMPILATION OF MODULE ______PLUS
OBJECT MODULE PLACED IN .\Objects\流水灯PLUS.obj
COMPILER INVOKED BY: D:\Keil5\C51\BIN\C51.EXE 流水灯PLUS.c OPTIMIZE(8,SPEED) BROWSE DEBUG OBJECTEXTEND PRINT(.\Listings\
                    -流水灯PLUS.lst) OBJECT(.\Objects\流水灯PLUS.obj)

line level    source

   1          #include <REGX52.H>
   2          #include "Delay1ms.h"
   3          
   4          void main()
   5          {
   6   1              while(1)
   7   1       {
   8   2               P2=0xFE;//1111 1110
   9   2              Delay1ms(500);
  10   2               P2=0xFD;//1111 1101
  11   2              Delay1ms(500);
  12   2               P2=0xFB;//1111 1011
  13   2              Delay1ms(500);
  14   2               P2=0xF7;//1111 0111
  15   2              Delay1ms(500);
  16   2               P2=0xEF;//1110 1111
  17   2              Delay1ms(500);
  18   2               P2=0xDF;//1101 1111
  19   2              Delay1ms(500);
  20   2               P2=0xBF;//1011 1111
  21   2              Delay1ms(500);
  22   2               P2=0x7F;//0111 1111
  23   2              Delay1ms(500);
  24   2       }
  25   1      }
  26                  


MODULE INFORMATION:   STATIC OVERLAYABLE
   CODE SIZE        =     82    ----
   CONSTANT SIZE    =   ----    ----
   XDATA SIZE       =   ----    ----
   PDATA SIZE       =   ----    ----
   DATA SIZE        =   ----    ----
   IDATA SIZE       =   ----    ----
   BIT SIZE         =   ----    ----
END OF MODULE INFORMATION.


C51 COMPILATION COMPLETE.  0 WARNING(S),  0 ERROR(S)
