C51 COMPILER V9.54   MAIN                                                                  11/28/2022 20:43:12 PAGE 1   


C51 COMPILER V9.54, COMPILATION OF MODULE MAIN
OBJECT MODULE PLACED IN .\Objects\main.obj
COMPILER INVOKED BY: D:\Keil5\C51\BIN\C51.EXE main.c OPTIMIZE(8,SPEED) BROWSE DEBUG OBJECTEXTEND PRINT(.\Listings\main.l
                    -st) OBJECT(.\Objects\main.obj)

line level    source

   1          #include <REGX52.H>
   2          #include "Delay.h"
   3          #include "UART.h"
*** WARNING C315 IN LINE 1 OF UART.h: unknown #directive 'fndef'
*** WARNING C312 IN LINE 7 OF UART.h: misplaced endif control
   4          unsigned char Sec;
   5             
   6          void main()
   7          {
   8   1         UART_Init();   
   9   1         while(1)
  10   1         {
  11   2               UART_SendByte(Sec);
  12   2               Sec++;
  13   2               Delay(1000);
  14   2                 
  15   2         }
  16   1      
  17   1      }


MODULE INFORMATION:   STATIC OVERLAYABLE
   CODE SIZE        =     19    ----
   CONSTANT SIZE    =   ----    ----
   XDATA SIZE       =   ----    ----
   PDATA SIZE       =   ----    ----
   DATA SIZE        =      1    ----
   IDATA SIZE       =   ----    ----
   BIT SIZE         =   ----    ----
END OF MODULE INFORMATION.


C51 COMPILATION COMPLETE.  2 WARNING(S),  0 ERROR(S)
