C51 COMPILER V9.54   UART                                                                  11/28/2022 20:54:58 PAGE 1   


C51 COMPILER V9.54, COMPILATION OF MODULE UART
OBJECT MODULE PLACED IN .\Objects\UART.obj
COMPILER INVOKED BY: D:\Keil5\C51\BIN\C51.EXE UART.c OPTIMIZE(8,SPEED) BROWSE DEBUG OBJECTEXTEND PRINT(.\Listings\UART.l
                    -st) OBJECT(.\Objects\UART.obj)

line level    source

   1          #include <REGX52.H>
   2          void UART_Init() //4800bps@12.000MHz
   3            {
   4   1          SCON=0x40;   
   5   1              PCON |=0x80; 
   6   1              TMOD &= 0x0F; //设置定时器模式
   7   1              TMOD |= 0x20; //设置定时器模式  
   8   1          TL1 = 0xF3;  //设置定时初值   
   9   1              TH1 = 0xF3;      //设定计时器重装值     
  10   1              ET1 = 0;         //禁止定时器1中断
  11   1              TR1 = 1;         //启动定时器1     
  12   1        }
  13          
  14          void UART_SendByte(unsigned char Byte)  
  15             {
  16   1          SBUF=Byte;
  17   1              while(TI==0);
  18   1              TI=0;
  19   1         }


MODULE INFORMATION:   STATIC OVERLAYABLE
   CODE SIZE        =     31    ----
   CONSTANT SIZE    =   ----    ----
   XDATA SIZE       =   ----    ----
   PDATA SIZE       =   ----    ----
   DATA SIZE        =   ----    ----
   IDATA SIZE       =   ----    ----
   BIT SIZE         =   ----    ----
END OF MODULE INFORMATION.


C51 COMPILATION COMPLETE.  0 WARNING(S),  0 ERROR(S)
