C51 COMPILER V9.54   LED____                                                               11/15/2022 11:48:43 PAGE 1   


C51 COMPILER V9.54, COMPILATION OF MODULE LED____
OBJECT MODULE PLACED IN .\Objects\LED移位.obj
COMPILER INVOKED BY: D:\Keil5\C51\BIN\C51.EXE LED移位.c OPTIMIZE(8,SPEED) BROWSE DEBUG OBJECTEXTEND PRINT(.\Listings\LED
                    -移位.lst) OBJECT(.\Objects\LED移位.obj)

line level    source

   1          #include <REGX52.H>
   2          void Delay(unsigned int xms);
   3          
   4          unsigned char LEDNum;//写在主函数前是全局变量
   5          
   6          void main()
   7          {
   8   1          P2=~0x01;//上电后第一个灯亮
   9   1          while(1)
  10   1          {
  11   2              if(P3_1==0)//如果K1按下
  12   2                  {
  13   3                      Delay(20);//延迟消抖
  14   3                      while(P3_1==0);//松手检测
  15   3                              
  16   3                      Delay(20); 
  17   3                          LEDNum++;//变量自增
  18   3                  if(LEDNum>=8)
  19   3                {
  20   4                                LEDNum=0;
  21   4                        }     
  22   3                P2=~(0x01<<LEDNum);//变量取反输出给LED
  23   3                                   //取反是将亮灭取反（0是亮，1是灭）           
  24   3                  }           
  25   2                      if(P3_0==0)//如果K2按下
  26   2                  {
  27   3                    Delay(20);//延迟消抖
  28   3                    while(P3_0==0);//松手检测
  29   3                    Delay(20);
  30   3                              
  31   3                if(LEDNum==0) 
  32   3                        {                       
  33   4                               LEDNum=7;
  34   4                        }
  35   3                else                    
  36   3                        {
  37   4                           LEDNum--;//变量自减
  38   4                        }                       
  39   3                   P2=~(0x01<<LEDNum);                  
  40   3                  }
  41   2            }
  42   1      }
  43          void Delay(unsigned int xms)
  44          //调用函数如果将函数体放后面的话
  45          //应该在前面声明void Delay(unsigned int xms);
  46          {
  47   1              unsigned char i, j;
  48   1          while(xms--)
  49   1         {
  50   2               i = 2;
  51   2               j = 239;
  52   2               do
  53   2               {
  54   3                       while (--j);
C51 COMPILER V9.54   LED____                                                               11/15/2022 11:48:43 PAGE 2   

  55   3               }   while (--i);
  56   2         }    
  57   1      }


MODULE INFORMATION:   STATIC OVERLAYABLE
   CODE SIZE        =    109    ----
   CONSTANT SIZE    =   ----    ----
   XDATA SIZE       =   ----    ----
   PDATA SIZE       =   ----    ----
   DATA SIZE        =      1    ----
   IDATA SIZE       =   ----    ----
   BIT SIZE         =   ----    ----
END OF MODULE INFORMATION.


C51 COMPILATION COMPLETE.  0 WARNING(S),  0 ERROR(S)
