C51 COMPILER V9.54   MAIN                                                                  11/23/2022 15:54:15 PAGE 1   


C51 COMPILER V9.54, COMPILATION OF MODULE MAIN
OBJECT MODULE PLACED IN .\Objects\main.obj
COMPILER INVOKED BY: D:\Keil5\C51\BIN\C51.EXE main.c OPTIMIZE(8,SPEED) BROWSE DEBUG OBJECTEXTEND PRINT(.\Listings\main.l
                    -st) OBJECT(.\Objects\main.obj)

line level    source

   1          #include <REGX52.H>
   2          #include "Delay.h"
   3          #include "LCD1602.h"
   4          #include "Timer0.h"
   5          
   6          unsigned char Sec,Min,Hour;
   7          
   8          void main()
   9          {
  10   1          LCD_Init();
  11   1              Timer0_Init();
*** WARNING C206 IN LINE 11 OF main.c: 'Timer0_Init': missing function-prototype
  12   1              LCD_ShowString(1,1,"Clock:");
  13   1          while(1)
  14   1           {
  15   2            LCD_ShowNum(1,7,Hour,2);
  16   2                LCD_ShowChar(1,9,':');
  17   2                LCD_ShowNum(1,10,Min,2);
  18   2                LCD_ShowChar(1,12,':');
  19   2                LCD_ShowNum(1,13,Sec,2); 
  20   2                LCD_ShowChar(2,8,'h');
  21   2            LCD_ShowChar(2,11,'m');
  22   2            LCD_ShowChar(2,14,'s');            
  23   2           }
  24   1      
  25   1      }
  26          
  27          void Timer0_Routine() interrupt 1
  28          {
  29   1              static unsigned int T0Count;
  30   1              TL0 = 0x18;             //设置定时初值
  31   1              TH0 = 0xFC;             //设置定时初值
  32   1              T0Count++;
  33   1              if(T0Count>=1000)
  34   1              {
  35   2                T0Count=0;
  36   2                Sec++;
  37   2                      if(Sec>=60)//60进1
  38   2                      {
  39   3                       Sec=0;
  40   3                       Min++;
  41   3                              if(Min>=60)
  42   3                  {
  43   4                               Min=0;
  44   4                               Hour++;
  45   4                              }               
  46   3                      }
  47   2              }
  48   1      }


MODULE INFORMATION:   STATIC OVERLAYABLE
   CODE SIZE        =    173    ----
   CONSTANT SIZE    =      7    ----
C51 COMPILER V9.54   MAIN                                                                  11/23/2022 15:54:15 PAGE 2   

   XDATA SIZE       =   ----    ----
   PDATA SIZE       =   ----    ----
   DATA SIZE        =      5    ----
   IDATA SIZE       =   ----    ----
   BIT SIZE         =   ----    ----
END OF MODULE INFORMATION.


C51 COMPILATION COMPLETE.  1 WARNING(S),  0 ERROR(S)
