C51 COMPILER V9.54   MAIN                                                                  11/19/2022 14:00:24 PAGE 1   


C51 COMPILER V9.54, COMPILATION OF MODULE MAIN
OBJECT MODULE PLACED IN .\Objects\main.obj
COMPILER INVOKED BY: D:\Keil5\C51\BIN\C51.EXE main.c OPTIMIZE(8,SPEED) BROWSE DEBUG OBJECTEXTEND PRINT(.\Listings\main.l
                    -st) OBJECT(.\Objects\main.obj)

line level    source

   1          #include <REGX52.H>
   2          #include "Delay.h"
   3          #include "LCD1602.h"
   4          #include "MrixKey.h"
   5          
   6          unsigned char KeyNum;
   7          unsigned int PassWord,Count;//定义输入次数
   8          void main()
   9          {
  10   1          LCD_Init();
  11   1              LCD_ShowString(1,1,"PassWord:");
  12   1         while(1)
  13   1         {
  14   2                 KeyNum=MrixKey();
  15   2                 if(KeyNum!=0)//按键松开就执行
  16   2                 {
  17   3                       if(KeyNum<=10)//如果S1~S10按下 
  18   3                       {                       
  19   4                       if(Count<4)
  20   4                               {
  21   5                               PassWord*=10;//当前键码乘十，即左移一位                        
  22   5                               PassWord+=KeyNum%10;//表示键码对十取余
  23   5                               }
  24   4                               Count++;
  25   4                       }
  26   3      
  27   3                       LCD_ShowNum(1,10,PassWord,4);//在1行10列输出四位密码
  28   3                 }
  29   2                 if(KeyNum==15)//如果按下S15（设置确认键）
  30   2                 {
  31   3                   if(PassWord==1209)//如果密码正确
  32   3                   {
  33   4                   LCD_ShowString(2,1,"True ");//防止字符重叠
  34   4                       Delay(1500);    
  35   4                       LCD_Init();
  36   4                       PassWord=0;//密码清零
  37   4                   Count=0;//计次清零
  38   4                       LCD_ShowNum(1,10,PassWord,4);//更新显示
  39   4                       LCD_ShowString(1,1,"PassWord:");                        
  40   4                       }
  41   3                       else//否则
  42   3                       {
  43   4                       Delay(1500);    
  44   4                       LCD_Init();
  45   4                       PassWord=0;//密码清零
  46   4                   Count=0;//计次清零
  47   4                       LCD_ShowNum(1,10,PassWord,4);//更新显示
  48   4                       LCD_ShowString(1,1,"PassWord:");       
  49   4                       }
  50   3             }
  51   2                 if(KeyNum==16)//如果按下S16（设置取消键）
  52   2                 {
  53   3                       Delay(1500);    
  54   3                       LCD_Init();
C51 COMPILER V9.54   MAIN                                                                  11/19/2022 14:00:24 PAGE 2   

  55   3                       PassWord=0;//密码清零
  56   3                   Count=0;//计次清零
  57   3                       LCD_ShowNum(1,10,PassWord,4);//更新显示
  58   3                       LCD_ShowString(1,1,"PassWord:");       
  59   3                 }
  60   2         }
  61   1      
  62   1      }


MODULE INFORMATION:   STATIC OVERLAYABLE
   CODE SIZE        =    232    ----
   CONSTANT SIZE    =     16    ----
   XDATA SIZE       =   ----    ----
   PDATA SIZE       =   ----    ----
   DATA SIZE        =      5    ----
   IDATA SIZE       =   ----    ----
   BIT SIZE         =   ----    ----
END OF MODULE INFORMATION.


C51 COMPILATION COMPLETE.  0 WARNING(S),  0 ERROR(S)
