C51 COMPILER V9.54   LED______                                                             09/25/2022 13:42:06 PAGE 1   


C51 COMPILER V9.54, COMPILATION OF MODULE LED______
OBJECT MODULE PLACED IN .\Objects\LED周期闪.obj
COMPILER INVOKED BY: D:\C51\BIN\C51.EXE LED周期闪.c OPTIMIZE(8,SPEED) BROWSE DEBUG OBJECTEXTEND PRINT(.\Listings\LED周期
                    -闪.lst) TABS(2) OBJECT(.\Objects\LED周期闪.obj)

line level    source

   1          #include <REGX52.H>
   2          #include <INTRINS.H>
   3          void Delay500ms()   //@18.432MHz
   4          {
   5   1        unsigned char i, j, k;
   6   1      
   7   1        _nop_();
   8   1        i = 6;
   9   1        j = 215;
  10   1        k = 31;
  11   1        do
  12   1        {
  13   2          do
  14   2          {
  15   3            while (--k);
  16   3          } while (--j);
  17   2        } while (--i);
  18   1      }
  19          
  20          int main()
  21          { 
  22   1        while(1)
  23   1      {
  24   2        P2=0xFE;
  25   2        Delay500ms();
  26   2        P2=0xFF;
  27   2        Delay500ms();
  28   2      }
  29   1      }


MODULE INFORMATION:   STATIC OVERLAYABLE
   CODE SIZE        =     28    ----
   CONSTANT SIZE    =   ----    ----
   XDATA SIZE       =   ----    ----
   PDATA SIZE       =   ----    ----
   DATA SIZE        =   ----    ----
   IDATA SIZE       =   ----    ----
   BIT SIZE         =   ----    ----
END OF MODULE INFORMATION.


C51 COMPILATION COMPLETE.  0 WARNING(S),  0 ERROR(S)
